Warning: you requested the nanomsg event logger, but bmv2 was compiled without -DBMELOG, and the event logger cannot be activated
Calling target program-options parser
[09:49:25.095] [bmv2] [D] [thread 8208] Set default default entry for table 'tbl_compute_hashes': IDS_Ingress.compute_hashes - 
[09:49:25.095] [bmv2] [D] [thread 8208] Set default default entry for table 'IDS_Ingress.flows': IDS_Ingress.get_flow_status - 
[09:49:25.095] [bmv2] [D] [thread 8208] Set default default entry for table 'IDS_Ingress.signatures': NoAction - 
[09:49:25.095] [bmv2] [D] [thread 8208] Set default default entry for table 'IDS_Ingress.ipv4_lpm': NoAction - 
[09:49:25.095] [bmv2] [D] [thread 8208] Set default default entry for table 'tbl_increment_counter': IDS_Ingress.increment_counter - 
Adding interface s2-eth1 as port 1
[09:49:25.098] [bmv2] [D] [thread 8208] Adding interface s2-eth1 as port 1
Adding interface s2-eth2 as port 2
[09:49:25.166] [bmv2] [D] [thread 8208] Adding interface s2-eth2 as port 2
[09:49:25.183] [bmv2] [I] [thread 8208] Starting Thrift server on port 9091
[09:49:25.183] [bmv2] [I] [thread 8208] Thrift server was started
[09:49:25.652] [bmv2] [T] [thread 8318] bm_get_config
[09:49:25.655] [bmv2] [T] [thread 8318] bm_set_default_action
[09:49:25.655] [bmv2] [D] [thread 8318] Set default entry for table 'IDS_Ingress.ipv4_lpm': IDS_Ingress.drop - 
[09:49:25.655] [bmv2] [T] [thread 8318] bm_table_add_entry
[09:49:25.655] [bmv2] [D] [thread 8318] Entry 0 added to table 'IDS_Ingress.ipv4_lpm'
[09:49:25.655] [bmv2] [D] [thread 8318] Dumping entry 0
Match key:
* hdr.ipv4.dstAddr    : LPM       0a000202/32
Action entry: IDS_Ingress.ipv4_forward - a000202,1,

[09:49:25.656] [bmv2] [T] [thread 8318] bm_table_add_entry
[09:49:25.656] [bmv2] [D] [thread 8318] Entry 1 added to table 'IDS_Ingress.ipv4_lpm'
[09:49:25.656] [bmv2] [D] [thread 8318] Dumping entry 1
Match key:
* hdr.ipv4.dstAddr    : LPM       0a000000/16
Action entry: IDS_Ingress.ipv4_forward - 10200,2,

[09:49:33.428] [bmv2] [D] [thread 8214] [0.0] [cxt 0] Processing packet received on port 2
[09:49:33.428] [bmv2] [D] [thread 8214] [0.0] [cxt 0] Parser 'parser': start
[09:49:33.428] [bmv2] [D] [thread 8214] [0.0] [cxt 0] Parser 'parser' entering state 'start'
[09:49:33.428] [bmv2] [D] [thread 8214] [0.0] [cxt 0] Extracting header 'ethernet'
[09:49:33.428] [bmv2] [D] [thread 8214] [0.0] [cxt 0] Parser state 'start': key is 0800
[09:49:33.428] [bmv2] [T] [thread 8214] [0.0] [cxt 0] Bytes parsed: 14
[09:49:33.428] [bmv2] [D] [thread 8214] [0.0] [cxt 0] Parser 'parser' entering state 'ipv4'
[09:49:33.428] [bmv2] [D] [thread 8214] [0.0] [cxt 0] Extracting header 'ipv4'
[09:49:33.428] [bmv2] [D] [thread 8214] [0.0] [cxt 0] Parser state 'ipv4': key is 06
[09:49:33.428] [bmv2] [T] [thread 8214] [0.0] [cxt 0] Bytes parsed: 34
[09:49:33.428] [bmv2] [D] [thread 8214] [0.0] [cxt 0] Parser 'parser' entering state 'tcp'
[09:49:33.428] [bmv2] [D] [thread 8214] [0.0] [cxt 0] Extracting header 'tcp'
[09:49:33.428] [bmv2] [D] [thread 8214] [0.0] [cxt 0] Extracting header 'payload'
[09:49:33.428] [bmv2] [D] [thread 8214] [0.0] [cxt 0] Parser state 'tcp' has no switch, going to default next state
[09:49:33.428] [bmv2] [T] [thread 8214] [0.0] [cxt 0] Bytes parsed: 58
[09:49:33.428] [bmv2] [D] [thread 8214] [0.0] [cxt 0] Parser 'parser': end
[09:49:33.428] [bmv2] [D] [thread 8214] [0.0] [cxt 0] Pipeline 'ingress': start
[09:49:33.428] [bmv2] [T] [thread 8214] [0.0] [cxt 0] /home/p4/p4-firewall-ids/simple-IDS/ids_stateless/p4src/program.p4(233) Condition "hdr.ipv4.isValid()" (node_2) is true
[09:49:33.428] [bmv2] [T] [thread 8214] [0.0] [cxt 0] Applying table 'tbl_compute_hashes'
[09:49:33.428] [bmv2] [D] [thread 8214] [0.0] [cxt 0] Looking up key:

[09:49:33.428] [bmv2] [D] [thread 8214] [0.0] [cxt 0] Table 'tbl_compute_hashes': miss
[09:49:33.428] [bmv2] [D] [thread 8214] [0.0] [cxt 0] Action entry is IDS_Ingress.compute_hashes - 
[09:49:33.428] [bmv2] [T] [thread 8214] [0.0] [cxt 0] Action IDS_Ingress.compute_hashes
[09:49:33.428] [bmv2] [T] [thread 8214] [0.0] [cxt 0] /home/p4/p4-firewall-ids/simple-IDS/ids_stateless/p4src/program.p4(176) Primitive hash(hashed_int, HashAlgorithm.crc32, (bit<16>)0 ...
[09:49:33.428] [bmv2] [T] [thread 8214] [0.0] [cxt 0] hash(base=0, max=4096) = 1216
[09:49:33.428] [bmv2] [T] [thread 8214] [0.0] [cxt 0] Applying table 'IDS_Ingress.flows'
[09:49:33.428] [bmv2] [D] [thread 8214] [0.0] [cxt 0] Looking up key:

[09:49:33.428] [bmv2] [D] [thread 8214] [0.0] [cxt 0] Table 'IDS_Ingress.flows': miss
[09:49:33.428] [bmv2] [D] [thread 8214] [0.0] [cxt 0] Action entry is IDS_Ingress.get_flow_status - 
[09:49:33.428] [bmv2] [T] [thread 8214] [0.0] [cxt 0] Action IDS_Ingress.get_flow_status
[09:49:33.428] [bmv2] [T] [thread 8214] [0.0] [cxt 0] /home/p4/p4-firewall-ids/simple-IDS/ids_stateless/p4src/program.p4(172) Primitive blocked_flows.read(current_flow, hashed_int)
[09:49:33.428] [bmv2] [T] [thread 8214] [0.0] [cxt 0] Read register 'IDS_Ingress.blocked_flows' at index 1216 read value 0
[09:49:33.428] [bmv2] [T] [thread 8214] [0.0] [cxt 0] /home/p4/p4-firewall-ids/simple-IDS/ids_stateless/p4src/program.p4(239) Condition "current_flow == 0" (node_5) is true
[09:49:33.428] [bmv2] [T] [thread 8214] [0.0] [cxt 0] Applying table 'IDS_Ingress.signatures'
[09:49:33.428] [bmv2] [D] [thread 8214] [0.0] [cxt 0] Looking up key:
* hdr.payload.data    : 04040404

[09:49:33.428] [bmv2] [D] [thread 8214] [0.0] [cxt 0] Table 'IDS_Ingress.signatures': miss
[09:49:33.428] [bmv2] [D] [thread 8214] [0.0] [cxt 0] Action entry is NoAction - 
[09:49:33.428] [bmv2] [T] [thread 8214] [0.0] [cxt 0] Action NoAction
[09:49:33.428] [bmv2] [T] [thread 8214] [0.0] [cxt 0] Applying table 'IDS_Ingress.ipv4_lpm'
[09:49:33.428] [bmv2] [D] [thread 8214] [0.0] [cxt 0] Looking up key:
* hdr.ipv4.dstAddr    : 0a000202

[09:49:33.428] [bmv2] [D] [thread 8214] [0.0] [cxt 0] Table 'IDS_Ingress.ipv4_lpm': hit with handle 0
[09:49:33.428] [bmv2] [D] [thread 8214] [0.0] [cxt 0] Dumping entry 0
Match key:
* hdr.ipv4.dstAddr    : LPM       0a000202/32
Action entry: IDS_Ingress.ipv4_forward - a000202,1,

[09:49:33.428] [bmv2] [D] [thread 8214] [0.0] [cxt 0] Action entry is IDS_Ingress.ipv4_forward - a000202,1,
[09:49:33.428] [bmv2] [T] [thread 8214] [0.0] [cxt 0] Action IDS_Ingress.ipv4_forward
[09:49:33.428] [bmv2] [T] [thread 8214] [0.0] [cxt 0] /home/p4/p4-firewall-ids/simple-IDS/ids_stateless/p4src/program.p4(207) Primitive hdr.ethernet.srcAddr = hdr.ethernet.dstAddr
[09:49:33.428] [bmv2] [T] [thread 8214] [0.0] [cxt 0] /home/p4/p4-firewall-ids/simple-IDS/ids_stateless/p4src/program.p4(210) Primitive hdr.ethernet.dstAddr = dstAddr
[09:49:33.428] [bmv2] [T] [thread 8214] [0.0] [cxt 0] /home/p4/p4-firewall-ids/simple-IDS/ids_stateless/p4src/program.p4(213) Primitive standard_metadata.egress_spec = port
[09:49:33.429] [bmv2] [T] [thread 8214] [0.0] [cxt 0] /home/p4/p4-firewall-ids/simple-IDS/ids_stateless/p4src/program.p4(216) Primitive hdr.ipv4.ttl = hdr.ipv4.ttl -1
[09:49:33.429] [bmv2] [D] [thread 8214] [0.0] [cxt 0] Pipeline 'ingress': end
[09:49:33.429] [bmv2] [D] [thread 8214] [0.0] [cxt 0] Egress port is 1
[09:49:33.429] [bmv2] [D] [thread 8216] [0.0] [cxt 0] Pipeline 'egress': start
[09:49:33.429] [bmv2] [D] [thread 8216] [0.0] [cxt 0] Pipeline 'egress': end
[09:49:33.429] [bmv2] [D] [thread 8216] [0.0] [cxt 0] Deparser 'deparser': start
[09:49:33.429] [bmv2] [D] [thread 8216] [0.0] [cxt 0] Updating checksum 'cksum'
[09:49:33.429] [bmv2] [D] [thread 8216] [0.0] [cxt 0] Deparsing header 'ethernet'
[09:49:33.429] [bmv2] [D] [thread 8216] [0.0] [cxt 0] Deparsing header 'ipv4'
[09:49:33.429] [bmv2] [D] [thread 8216] [0.0] [cxt 0] Deparsing header 'tcp'
[09:49:33.429] [bmv2] [D] [thread 8216] [0.0] [cxt 0] Deparsing header 'payload'
[09:49:33.429] [bmv2] [D] [thread 8216] [0.0] [cxt 0] Deparser 'deparser': end
[09:49:33.429] [bmv2] [D] [thread 8219] [0.0] [cxt 0] Transmitting packet of size 58 out of port 1
[09:49:33.429] [bmv2] [D] [thread 8214] [1.0] [cxt 0] Processing packet received on port 1
[09:49:33.429] [bmv2] [D] [thread 8214] [1.0] [cxt 0] Parser 'parser': start
[09:49:33.429] [bmv2] [D] [thread 8214] [1.0] [cxt 0] Parser 'parser' entering state 'start'
[09:49:33.429] [bmv2] [D] [thread 8214] [1.0] [cxt 0] Extracting header 'ethernet'
[09:49:33.429] [bmv2] [D] [thread 8214] [1.0] [cxt 0] Parser state 'start': key is 0800
[09:49:33.429] [bmv2] [T] [thread 8214] [1.0] [cxt 0] Bytes parsed: 14
[09:49:33.429] [bmv2] [D] [thread 8214] [1.0] [cxt 0] Parser 'parser' entering state 'ipv4'
[09:49:33.429] [bmv2] [D] [thread 8214] [1.0] [cxt 0] Extracting header 'ipv4'
[09:49:33.429] [bmv2] [D] [thread 8214] [1.0] [cxt 0] Parser state 'ipv4': key is 06
[09:49:33.429] [bmv2] [T] [thread 8214] [1.0] [cxt 0] Bytes parsed: 34
[09:49:33.429] [bmv2] [D] [thread 8214] [1.0] [cxt 0] Parser 'parser' entering state 'tcp'
[09:49:33.429] [bmv2] [D] [thread 8214] [1.0] [cxt 0] Extracting header 'tcp'
[09:49:33.429] [bmv2] [D] [thread 8214] [1.0] [cxt 0] Extracting header 'payload'
[09:49:33.429] [bmv2] [E] [thread 8214] [1.0] [cxt 0] Exception while parsing: PacketTooShort
[09:49:33.429] [bmv2] [D] [thread 8214] [1.0] [cxt 0] Parser 'parser': end
[09:49:33.429] [bmv2] [D] [thread 8214] [1.0] [cxt 0] Pipeline 'ingress': start
[09:49:33.429] [bmv2] [T] [thread 8214] [1.0] [cxt 0] /home/p4/p4-firewall-ids/simple-IDS/ids_stateless/p4src/program.p4(233) Condition "hdr.ipv4.isValid()" (node_2) is true
[09:49:33.429] [bmv2] [T] [thread 8214] [1.0] [cxt 0] Applying table 'tbl_compute_hashes'
[09:49:33.429] [bmv2] [D] [thread 8214] [1.0] [cxt 0] Looking up key:

[09:49:33.429] [bmv2] [D] [thread 8214] [1.0] [cxt 0] Table 'tbl_compute_hashes': miss
[09:49:33.429] [bmv2] [D] [thread 8214] [1.0] [cxt 0] Action entry is IDS_Ingress.compute_hashes - 
[09:49:33.429] [bmv2] [T] [thread 8214] [1.0] [cxt 0] Action IDS_Ingress.compute_hashes
[09:49:33.429] [bmv2] [T] [thread 8214] [1.0] [cxt 0] /home/p4/p4-firewall-ids/simple-IDS/ids_stateless/p4src/program.p4(176) Primitive hash(hashed_int, HashAlgorithm.crc32, (bit<16>)0 ...
[09:49:33.429] [bmv2] [T] [thread 8214] [1.0] [cxt 0] hash(base=0, max=4096) = 2912
[09:49:33.429] [bmv2] [T] [thread 8214] [1.0] [cxt 0] Applying table 'IDS_Ingress.flows'
[09:49:33.429] [bmv2] [D] [thread 8214] [1.0] [cxt 0] Looking up key:

[09:49:33.429] [bmv2] [D] [thread 8214] [1.0] [cxt 0] Table 'IDS_Ingress.flows': miss
[09:49:33.429] [bmv2] [D] [thread 8214] [1.0] [cxt 0] Action entry is IDS_Ingress.get_flow_status - 
[09:49:33.429] [bmv2] [T] [thread 8214] [1.0] [cxt 0] Action IDS_Ingress.get_flow_status
[09:49:33.429] [bmv2] [T] [thread 8214] [1.0] [cxt 0] /home/p4/p4-firewall-ids/simple-IDS/ids_stateless/p4src/program.p4(172) Primitive blocked_flows.read(current_flow, hashed_int)
[09:49:33.429] [bmv2] [T] [thread 8214] [1.0] [cxt 0] Read register 'IDS_Ingress.blocked_flows' at index 2912 read value 0
[09:49:33.429] [bmv2] [T] [thread 8214] [1.0] [cxt 0] /home/p4/p4-firewall-ids/simple-IDS/ids_stateless/p4src/program.p4(239) Condition "current_flow == 0" (node_5) is true
[09:49:33.429] [bmv2] [T] [thread 8214] [1.0] [cxt 0] Applying table 'IDS_Ingress.signatures'
[09:49:33.429] [bmv2] [D] [thread 8214] [1.0] [cxt 0] Looking up key:
* hdr.payload.data    : 00000000

[09:49:33.429] [bmv2] [D] [thread 8214] [1.0] [cxt 0] Table 'IDS_Ingress.signatures': miss
[09:49:33.429] [bmv2] [D] [thread 8214] [1.0] [cxt 0] Action entry is NoAction - 
[09:49:33.429] [bmv2] [T] [thread 8214] [1.0] [cxt 0] Action NoAction
[09:49:33.429] [bmv2] [T] [thread 8214] [1.0] [cxt 0] Applying table 'IDS_Ingress.ipv4_lpm'
[09:49:33.429] [bmv2] [D] [thread 8214] [1.0] [cxt 0] Looking up key:
* hdr.ipv4.dstAddr    : 0a000101

[09:49:33.429] [bmv2] [D] [thread 8214] [1.0] [cxt 0] Table 'IDS_Ingress.ipv4_lpm': hit with handle 1
[09:49:33.429] [bmv2] [D] [thread 8214] [1.0] [cxt 0] Dumping entry 1
Match key:
* hdr.ipv4.dstAddr    : LPM       0a000000/16
Action entry: IDS_Ingress.ipv4_forward - 10200,2,

[09:49:33.429] [bmv2] [D] [thread 8214] [1.0] [cxt 0] Action entry is IDS_Ingress.ipv4_forward - 10200,2,
[09:49:33.429] [bmv2] [T] [thread 8214] [1.0] [cxt 0] Action IDS_Ingress.ipv4_forward
[09:49:33.430] [bmv2] [T] [thread 8214] [1.0] [cxt 0] /home/p4/p4-firewall-ids/simple-IDS/ids_stateless/p4src/program.p4(207) Primitive hdr.ethernet.srcAddr = hdr.ethernet.dstAddr
[09:49:33.430] [bmv2] [T] [thread 8214] [1.0] [cxt 0] /home/p4/p4-firewall-ids/simple-IDS/ids_stateless/p4src/program.p4(210) Primitive hdr.ethernet.dstAddr = dstAddr
[09:49:33.430] [bmv2] [T] [thread 8214] [1.0] [cxt 0] /home/p4/p4-firewall-ids/simple-IDS/ids_stateless/p4src/program.p4(213) Primitive standard_metadata.egress_spec = port
[09:49:33.430] [bmv2] [T] [thread 8214] [1.0] [cxt 0] /home/p4/p4-firewall-ids/simple-IDS/ids_stateless/p4src/program.p4(216) Primitive hdr.ipv4.ttl = hdr.ipv4.ttl -1
[09:49:33.430] [bmv2] [D] [thread 8214] [1.0] [cxt 0] Pipeline 'ingress': end
[09:49:33.430] [bmv2] [D] [thread 8214] [1.0] [cxt 0] Egress port is 2
[09:49:33.430] [bmv2] [D] [thread 8217] [1.0] [cxt 0] Pipeline 'egress': start
[09:49:33.430] [bmv2] [D] [thread 8217] [1.0] [cxt 0] Pipeline 'egress': end
[09:49:33.430] [bmv2] [D] [thread 8217] [1.0] [cxt 0] Deparser 'deparser': start
[09:49:33.430] [bmv2] [D] [thread 8217] [1.0] [cxt 0] Updating checksum 'cksum'
[09:49:33.430] [bmv2] [D] [thread 8217] [1.0] [cxt 0] Deparsing header 'ethernet'
[09:49:33.430] [bmv2] [D] [thread 8217] [1.0] [cxt 0] Deparsing header 'ipv4'
[09:49:33.430] [bmv2] [D] [thread 8217] [1.0] [cxt 0] Deparsing header 'tcp'
[09:49:33.430] [bmv2] [D] [thread 8217] [1.0] [cxt 0] Deparser 'deparser': end
[09:49:33.430] [bmv2] [D] [thread 8219] [1.0] [cxt 0] Transmitting packet of size 54 out of port 2
open: No such file or directory
