Warning: you requested the nanomsg event logger, but bmv2 was compiled without -DBMELOG, and the event logger cannot be activated
Calling target program-options parser
[03:30:35.198] [bmv2] [D] [thread 23533] Set default default entry for table 'tbl_compute_hashes': IDS_Ingress.compute_hashes - 
[03:30:35.198] [bmv2] [D] [thread 23533] Set default default entry for table 'IDS_Ingress.flows': IDS_Ingress.get_flow_status - 
[03:30:35.198] [bmv2] [D] [thread 23533] Set default default entry for table 'IDS_Ingress.signatures': NoAction - 
[03:30:35.198] [bmv2] [D] [thread 23533] Set default default entry for table 'IDS_Ingress.ipv4_lpm': NoAction - 
[03:30:35.198] [bmv2] [D] [thread 23533] Set default default entry for table 'tbl_increment_counter': IDS_Ingress.increment_counter - 
[03:30:35.198] [bmv2] [D] [thread 23533] Set default default entry for table 'tbl_increment_counter_0': IDS_Ingress.increment_counter - 
Adding interface s3-eth1 as port 1
[03:30:35.202] [bmv2] [D] [thread 23533] Adding interface s3-eth1 as port 1
Adding interface s3-eth2 as port 2
[03:30:35.236] [bmv2] [D] [thread 23533] Adding interface s3-eth2 as port 2
Adding interface s3-eth3 as port 3
[03:30:35.287] [bmv2] [D] [thread 23533] Adding interface s3-eth3 as port 3
[03:30:35.355] [bmv2] [I] [thread 23533] Starting Thrift server on port 9092
[03:30:35.356] [bmv2] [I] [thread 23533] Thrift server was started
[03:30:35.768] [bmv2] [T] [thread 23632] bm_get_config
[03:30:35.770] [bmv2] [T] [thread 23632] bm_set_default_action
[03:30:35.770] [bmv2] [D] [thread 23632] Set default entry for table 'IDS_Ingress.ipv4_lpm': IDS_Ingress.drop - 
[03:30:35.771] [bmv2] [T] [thread 23632] bm_table_add_entry
[03:30:35.771] [bmv2] [D] [thread 23632] Entry 0 added to table 'IDS_Ingress.ipv4_lpm'
[03:30:35.771] [bmv2] [D] [thread 23632] Dumping entry 0
Match key:
* hdr.ipv4.dstAddr    : LPM       0a000303/32
Action entry: IDS_Ingress.ipv4_forward - a000303,1,

[03:30:35.771] [bmv2] [T] [thread 23632] bm_table_add_entry
[03:30:35.771] [bmv2] [D] [thread 23632] Entry 1 added to table 'IDS_Ingress.ipv4_lpm'
[03:30:35.771] [bmv2] [D] [thread 23632] Dumping entry 1
Match key:
* hdr.ipv4.dstAddr    : LPM       0a000304/32
Action entry: IDS_Ingress.ipv4_forward - a000304,2,

[03:30:35.772] [bmv2] [T] [thread 23632] bm_table_add_entry
[03:30:35.772] [bmv2] [D] [thread 23632] Entry 2 added to table 'IDS_Ingress.ipv4_lpm'
[03:30:35.772] [bmv2] [D] [thread 23632] Dumping entry 2
Match key:
* hdr.ipv4.dstAddr    : LPM       0a000000/16
Action entry: IDS_Ingress.ipv4_forward - 10300,3,

