Warning: you requested the nanomsg event logger, but bmv2 was compiled without -DBMELOG, and the event logger cannot be activated
Calling target program-options parser
[01:46:13.557] [bmv2] [D] [thread 14186] Set default default entry for table 'MyIngress.firewall': NoAction - 
[01:46:13.557] [bmv2] [D] [thread 14186] Set default default entry for table 'MyIngress.dmac': NoAction - 
Adding interface s1-eth1 as port 1
[01:46:13.558] [bmv2] [D] [thread 14186] Adding interface s1-eth1 as port 1
Adding interface s1-eth2 as port 2
[01:46:13.589] [bmv2] [D] [thread 14186] Adding interface s1-eth2 as port 2
Adding interface s1-eth3 as port 3
[01:46:13.621] [bmv2] [D] [thread 14186] Adding interface s1-eth3 as port 3
Adding interface s1-eth4 as port 4
[01:46:13.657] [bmv2] [D] [thread 14186] Adding interface s1-eth4 as port 4
[01:46:13.701] [bmv2] [I] [thread 14186] Starting Thrift server on port 9090
[01:46:13.701] [bmv2] [I] [thread 14186] Thrift server was started
[01:46:13.703] [bmv2] [D] [thread 14192] [0.0] [cxt 0] Processing packet received on port 1
[01:46:13.703] [bmv2] [D] [thread 14192] [0.0] [cxt 0] Parser 'parser': start
[01:46:13.703] [bmv2] [D] [thread 14192] [0.0] [cxt 0] Parser 'parser' entering state 'start'
[01:46:13.703] [bmv2] [D] [thread 14192] [0.0] [cxt 0] Extracting header 'ethernet'
[01:46:13.703] [bmv2] [D] [thread 14192] [0.0] [cxt 0] Parser state 'start' has no switch, going to default next state
[01:46:13.703] [bmv2] [T] [thread 14192] [0.0] [cxt 0] Bytes parsed: 14
[01:46:13.703] [bmv2] [D] [thread 14192] [0.0] [cxt 0] Parser 'parser': end
[01:46:13.703] [bmv2] [D] [thread 14192] [0.0] [cxt 0] Pipeline 'ingress': start
[01:46:13.704] [bmv2] [T] [thread 14192] [0.0] [cxt 0] Applying table 'MyIngress.firewall'
[01:46:13.704] [bmv2] [D] [thread 14192] [0.0] [cxt 0] Looking up key:
* hdr.ethernet.srcAddr: 00010a000001

[01:46:13.704] [bmv2] [D] [thread 14192] [0.0] [cxt 0] Table 'MyIngress.firewall': miss
[01:46:13.704] [bmv2] [D] [thread 14192] [0.0] [cxt 0] Action entry is NoAction - 
[01:46:13.704] [bmv2] [T] [thread 14192] [0.0] [cxt 0] Action NoAction
[01:46:13.704] [bmv2] [T] [thread 14192] [0.0] [cxt 0] Applying table 'MyIngress.dmac'
[01:46:13.704] [bmv2] [D] [thread 14192] [0.0] [cxt 0] Looking up key:
* hdr.ethernet.dstAddr: 3333ff000001

[01:46:13.704] [bmv2] [D] [thread 14192] [0.0] [cxt 0] Table 'MyIngress.dmac': miss
[01:46:13.704] [bmv2] [D] [thread 14192] [0.0] [cxt 0] Action entry is NoAction - 
[01:46:13.704] [bmv2] [T] [thread 14192] [0.0] [cxt 0] Action NoAction
[01:46:13.704] [bmv2] [D] [thread 14192] [0.0] [cxt 0] Pipeline 'ingress': end
[01:46:13.704] [bmv2] [D] [thread 14192] [0.0] [cxt 0] Egress port is 0
[01:46:13.704] [bmv2] [D] [thread 14193] [0.0] [cxt 0] Pipeline 'egress': start
[01:46:13.704] [bmv2] [D] [thread 14193] [0.0] [cxt 0] Pipeline 'egress': end
[01:46:13.704] [bmv2] [D] [thread 14193] [0.0] [cxt 0] Deparser 'deparser': start
[01:46:13.704] [bmv2] [D] [thread 14193] [0.0] [cxt 0] Deparsing header 'ethernet'
[01:46:13.704] [bmv2] [D] [thread 14193] [0.0] [cxt 0] Deparser 'deparser': end
[01:46:13.704] [bmv2] [D] [thread 14197] [0.0] [cxt 0] Transmitting packet of size 86 out of port 0
[01:46:14.071] [bmv2] [T] [thread 14260] bm_get_config
[01:46:14.071] [bmv2] [T] [thread 14260] bm_mt_get_entries
[01:46:14.071] [bmv2] [T] [thread 14260] bm_mt_get_entries
[01:46:14.072] [bmv2] [T] [thread 14260] bm_reset_state
[01:46:14.072] [bmv2] [D] [thread 14260] Resetting simple_switch target-specific state
[01:46:14.072] [bmv2] [D] [thread 14260] resetting PRE state
[01:46:14.073] [bmv2] [T] [thread 14260] bm_table_add_entry
[01:46:14.073] [bmv2] [D] [thread 14260] Entry 0 added to table 'MyIngress.dmac'
[01:46:14.073] [bmv2] [D] [thread 14260] Dumping entry 0
Match key:
* hdr.ethernet.dstAddr: EXACT     00000a000001
Action entry: MyIngress.forward - 1,

[01:46:14.074] [bmv2] [T] [thread 14260] bm_table_add_entry
[01:46:14.074] [bmv2] [D] [thread 14260] Entry 1 added to table 'MyIngress.dmac'
[01:46:14.074] [bmv2] [D] [thread 14260] Dumping entry 1
Match key:
* hdr.ethernet.dstAddr: EXACT     00000a000002
Action entry: MyIngress.forward - 2,

[01:46:14.074] [bmv2] [T] [thread 14260] bm_table_add_entry
[01:46:14.075] [bmv2] [D] [thread 14260] Entry 2 added to table 'MyIngress.dmac'
[01:46:14.075] [bmv2] [D] [thread 14260] Dumping entry 2
Match key:
* hdr.ethernet.dstAddr: EXACT     00000a000003
Action entry: MyIngress.forward - 3,

[01:46:14.076] [bmv2] [T] [thread 14260] bm_table_add_entry
[01:46:14.076] [bmv2] [D] [thread 14260] Entry 3 added to table 'MyIngress.dmac'
[01:46:14.076] [bmv2] [D] [thread 14260] Dumping entry 3
Match key:
* hdr.ethernet.dstAddr: EXACT     00000a000004
Action entry: MyIngress.forward - 4,

[01:46:14.076] [bmv2] [T] [thread 14260] bm_table_add_entry
[01:46:14.076] [bmv2] [D] [thread 14260] Entry 0 added to table 'MyIngress.firewall'
[01:46:14.076] [bmv2] [D] [thread 14260] Dumping entry 0
Match key:
* hdr.ethernet.srcAddr: EXACT     00000a000001
Action entry: MyIngress.drop - 

[01:46:19.568] [bmv2] [D] [thread 14192] [1.0] [cxt 0] Processing packet received on port 1
[01:46:19.568] [bmv2] [D] [thread 14192] [1.0] [cxt 0] Parser 'parser': start
[01:46:19.568] [bmv2] [D] [thread 14192] [1.0] [cxt 0] Parser 'parser' entering state 'start'
[01:46:19.568] [bmv2] [D] [thread 14192] [1.0] [cxt 0] Extracting header 'ethernet'
[01:46:19.568] [bmv2] [D] [thread 14192] [1.0] [cxt 0] Parser state 'start' has no switch, going to default next state
[01:46:19.568] [bmv2] [T] [thread 14192] [1.0] [cxt 0] Bytes parsed: 14
[01:46:19.568] [bmv2] [D] [thread 14192] [1.0] [cxt 0] Parser 'parser': end
[01:46:19.568] [bmv2] [D] [thread 14192] [1.0] [cxt 0] Pipeline 'ingress': start
[01:46:19.568] [bmv2] [T] [thread 14192] [1.0] [cxt 0] Applying table 'MyIngress.firewall'
[01:46:19.568] [bmv2] [D] [thread 14192] [1.0] [cxt 0] Looking up key:
* hdr.ethernet.srcAddr: 00000a000001

[01:46:19.568] [bmv2] [D] [thread 14192] [1.0] [cxt 0] Table 'MyIngress.firewall': hit with handle 0
[01:46:19.568] [bmv2] [D] [thread 14192] [1.0] [cxt 0] Dumping entry 0
Match key:
* hdr.ethernet.srcAddr: EXACT     00000a000001
Action entry: MyIngress.drop - 

[01:46:19.568] [bmv2] [D] [thread 14192] [1.0] [cxt 0] Action entry is MyIngress.drop - 
[01:46:19.568] [bmv2] [T] [thread 14192] [1.0] [cxt 0] Action MyIngress.drop
[01:46:19.568] [bmv2] [T] [thread 14192] [1.0] [cxt 0] /home/p4/p4-firewall-ids/simple-switch/firewall/p4src/program.p4(62) Primitive mark_to_drop(standard_metadata)
[01:46:19.568] [bmv2] [D] [thread 14192] [1.0] [cxt 0] Pipeline 'ingress': end
[01:46:19.568] [bmv2] [D] [thread 14192] [1.0] [cxt 0] Egress port is 511
[01:46:19.568] [bmv2] [D] [thread 14192] [1.0] [cxt 0] Dropping packet at the end of ingress
open: No such file or directory
open: No such file or directory
